[0m23:29:56.350919 [debug] [MainThread]: Sending event: {'category': 'dbt', 'action': 'invocation', 'label': 'start', 'context': [<snowplow_tracker.self_describing_json.SelfDescribingJson object at 0x0000028527389940>, <snowplow_tracker.self_describing_json.SelfDescribingJson object at 0x000002852798CD10>, <snowplow_tracker.self_describing_json.SelfDescribingJson object at 0x0000028526EAAAB0>]}


============================== 23:29:56.362163 | 07cd5761-5ef4-4860-b90e-edd60d8352ff ==============================
[0m23:29:56.362163 [info ] [MainThread]: Running with dbt=1.11.6
[0m23:29:56.362163 [debug] [MainThread]: running dbt with arguments {'static_parser': 'True', 'no_print': 'None', 'version_check': 'True', 'warn_error_options': 'WarnErrorOptionsV2(error=[], warn=[], silence=[])', 'target_path': 'None', 'printer_width': '80', 'write_json': 'True', 'introspect': 'True', 'log_cache_events': 'False', 'empty': 'None', 'cache_selected_only': 'False', 'fail_fast': 'False', 'debug': 'False', 'log_format': 'default', 'partial_parse': 'True', 'send_anonymous_usage_stats': 'True', 'quiet': 'False', 'warn_error': 'None', 'profiles_dir': 'C:\\Users\\Bruno\\.dbt', 'use_colors': 'True', 'indirect_selection': 'eager', 'invocation_command': 'dbt init lastfm_analytics', 'use_experimental_parser': 'False', 'log_path': 'logs'}
[0m23:29:56.411876 [info ] [MainThread]: Creating dbt configuration folder at C:\Users\Bruno\.dbt
[0m23:29:56.414488 [debug] [MainThread]: Starter project path: C:\Users\Bruno\AppData\Local\Programs\Python\Python312\Lib\site-packages\dbt\include\starter_project
[0m23:29:56.456113 [info ] [MainThread]: 
Your new dbt project "lastfm_analytics" was created!

For more information on how to configure the profiles.yml file,
please consult the dbt documentation here:

  https://docs.getdbt.com/docs/configure-your-profile

One more thing:

Need help? Don't hesitate to reach out to us via GitHub issues or on Slack:

  https://community.getdbt.com/

Happy modeling!

[0m23:29:56.457633 [info ] [MainThread]: Setting up your profile.
[0m23:30:31.048309 [error] [MainThread]: Encountered an error:
cannot import name 'Credentials' from 'dbt.adapters.base' (C:\Users\Bruno\AppData\Local\Programs\Python\Python312\Lib\site-packages\dbt\adapters\base\__init__.py)
[0m23:30:31.068383 [error] [MainThread]: Traceback (most recent call last):
  File "C:\Users\Bruno\AppData\Local\Programs\Python\Python312\Lib\site-packages\dbt\cli\requires.py", line 182, in wrapper
    result, success = func(*args, **kwargs)
                      ^^^^^^^^^^^^^^^^^^^^^
  File "C:\Users\Bruno\AppData\Local\Programs\Python\Python312\Lib\site-packages\dbt\cli\requires.py", line 128, in wrapper
    return func(*args, **kwargs)
           ^^^^^^^^^^^^^^^^^^^^^
  File "C:\Users\Bruno\AppData\Local\Programs\Python\Python312\Lib\site-packages\dbt\cli\main.py", line 483, in init
    results = task.run()
              ^^^^^^^^^^
  File "C:\Users\Bruno\AppData\Local\Programs\Python\Python312\Lib\site-packages\dbt\task\init.py", line 346, in run
    self.setup_profile(profile_name)
  File "C:\Users\Bruno\AppData\Local\Programs\Python\Python312\Lib\site-packages\dbt\task\init.py", line 262, in setup_profile
    self.create_profile_from_target(adapter, profile_name=profile_name)
  File "C:\Users\Bruno\AppData\Local\Programs\Python\Python312\Lib\site-packages\dbt\task\init.py", line 172, in create_profile_from_target
    load_plugin(adapter)
  File "C:\Users\Bruno\AppData\Local\Programs\Python\Python312\Lib\site-packages\dbt\adapters\factory.py", line 239, in load_plugin
    return FACTORY.load_plugin(name)
           ^^^^^^^^^^^^^^^^^^^^^^^^^
  File "C:\Users\Bruno\AppData\Local\Programs\Python\Python312\Lib\site-packages\dbt\adapters\factory.py", line 68, in load_plugin
    mod: Any = import_module("." + name, "dbt.adapters")
               ^^^^^^^^^^^^^^^^^^^^^^^^^^^^^^^^^^^^^^^^^
  File "C:\Users\Bruno\AppData\Local\Programs\Python\Python312\Lib\importlib\__init__.py", line 90, in import_module
    return _bootstrap._gcd_import(name[level:], package, level)
           ^^^^^^^^^^^^^^^^^^^^^^^^^^^^^^^^^^^^^^^^^^^^^^^^^^^^
  File "<frozen importlib._bootstrap>", line 1387, in _gcd_import
  File "<frozen importlib._bootstrap>", line 1360, in _find_and_load
  File "<frozen importlib._bootstrap>", line 1331, in _find_and_load_unlocked
  File "<frozen importlib._bootstrap>", line 935, in _load_unlocked
  File "<frozen importlib._bootstrap_external>", line 995, in exec_module
  File "<frozen importlib._bootstrap>", line 488, in _call_with_frames_removed
  File "C:\Users\Bruno\AppData\Local\Programs\Python\Python312\Lib\site-packages\dbt\adapters\athena\__init__.py", line 1, in <module>
    from dbt.adapters.athena.connections import AthenaConnectionManager
  File "C:\Users\Bruno\AppData\Local\Programs\Python\Python312\Lib\site-packages\dbt\adapters\athena\connections.py", line 19, in <module>
    from dbt.adapters.base import Credentials
ImportError: cannot import name 'Credentials' from 'dbt.adapters.base' (C:\Users\Bruno\AppData\Local\Programs\Python\Python312\Lib\site-packages\dbt\adapters\base\__init__.py)

[0m23:30:31.071511 [debug] [MainThread]: Command `dbt init` failed at 23:30:31.071511 after 34.93 seconds
[0m23:30:31.073639 [debug] [MainThread]: Sending event: {'category': 'dbt', 'action': 'invocation', 'label': 'end', 'context': [<snowplow_tracker.self_describing_json.SelfDescribingJson object at 0x0000028527B8FF80>, <snowplow_tracker.self_describing_json.SelfDescribingJson object at 0x000002852935BB00>, <snowplow_tracker.self_describing_json.SelfDescribingJson object at 0x000002852944F1D0>]}
[0m23:30:31.073639 [debug] [MainThread]: Flushing usage events
[0m23:30:32.200616 [debug] [MainThread]: An error was encountered while trying to flush usage events
[0m23:36:25.682774 [debug] [MainThread]: Sending event: {'category': 'dbt', 'action': 'invocation', 'label': 'start', 'context': [<snowplow_tracker.self_describing_json.SelfDescribingJson object at 0x00000187A8492780>, <snowplow_tracker.self_describing_json.SelfDescribingJson object at 0x00000187A82E2F60>, <snowplow_tracker.self_describing_json.SelfDescribingJson object at 0x00000187A84928D0>]}


============================== 23:36:25.692646 | e77cdf8e-ba51-4e99-bdf6-36a8187ef2a5 ==============================
[0m23:36:25.692646 [info ] [MainThread]: Running with dbt=1.7.9
[0m23:36:25.693644 [debug] [MainThread]: running dbt with arguments {'version_check': 'True', 'no_print': 'None', 'static_parser': 'True', 'warn_error_options': 'WarnErrorOptions(include=[], exclude=[])', 'target_path': 'None', 'printer_width': '80', 'write_json': 'True', 'introspect': 'True', 'log_cache_events': 'False', 'cache_selected_only': 'False', 'log_format': 'default', 'debug': 'False', 'fail_fast': 'False', 'partial_parse': 'True', 'send_anonymous_usage_stats': 'True', 'quiet': 'False', 'warn_error': 'None', 'profiles_dir': 'C:\\Users\\Bruno\\.dbt', 'invocation_command': 'dbt init lastfm_analytics', 'indirect_selection': 'eager', 'use_colors': 'True', 'use_experimental_parser': 'False', 'log_path': 'logs'}
[0m23:36:25.695644 [debug] [MainThread]: Starter project path: C:\Users\Bruno\AppData\Local\Programs\Python\Python312\Lib\site-packages\dbt\include\starter_project
[0m23:36:25.751584 [info ] [MainThread]: 
Your new dbt project "lastfm_analytics" was created!

For more information on how to configure the profiles.yml file,
please consult the dbt documentation here:

  https://docs.getdbt.com/docs/configure-your-profile

One more thing:

Need help? Don't hesitate to reach out to us via GitHub issues or on Slack:

  https://community.getdbt.com/

Happy modeling!

[0m23:36:25.753574 [info ] [MainThread]: Setting up your profile.
[0m23:37:47.190994 [error] [MainThread]: Encountered an error:

[0m23:37:47.194875 [error] [MainThread]: Traceback (most recent call last):
  File "C:\Users\Bruno\AppData\Local\Programs\Python\Python312\Lib\site-packages\dbt\cli\requires.py", line 91, in wrapper
    result, success = func(*args, **kwargs)
                      ^^^^^^^^^^^^^^^^^^^^^
  File "C:\Users\Bruno\AppData\Local\Programs\Python\Python312\Lib\site-packages\dbt\cli\requires.py", line 76, in wrapper
    return func(*args, **kwargs)
           ^^^^^^^^^^^^^^^^^^^^^
  File "C:\Users\Bruno\AppData\Local\Programs\Python\Python312\Lib\site-packages\dbt\cli\main.py", line 515, in init
    results = task.run()
              ^^^^^^^^^^
  File "C:\Users\Bruno\AppData\Local\Programs\Python\Python312\Lib\site-packages\dbt\task\init.py", line 344, in run
    self.setup_profile(profile_name)
  File "C:\Users\Bruno\AppData\Local\Programs\Python\Python312\Lib\site-packages\dbt\task\init.py", line 264, in setup_profile
    self.create_profile_from_target(adapter, profile_name=profile_name)
  File "C:\Users\Bruno\AppData\Local\Programs\Python\Python312\Lib\site-packages\dbt\task\init.py", line 181, in create_profile_from_target
    self.create_profile_from_profile_template(profile_template, profile_name)
  File "C:\Users\Bruno\AppData\Local\Programs\Python\Python312\Lib\site-packages\dbt\task\init.py", line 165, in create_profile_from_profile_template
    target = self.generate_target_from_input(prompts, initial_target)
             ^^^^^^^^^^^^^^^^^^^^^^^^^^^^^^^^^^^^^^^^^^^^^^^^^^^^^^^^
  File "C:\Users\Bruno\AppData\Local\Programs\Python\Python312\Lib\site-packages\dbt\task\init.py", line 131, in generate_target_from_input
    target[key] = click.prompt(
                  ^^^^^^^^^^^^^
  File "C:\Users\Bruno\AppData\Local\Programs\Python\Python312\Lib\site-packages\click\termui.py", line 171, in prompt
    value = prompt_func(prompt)
            ^^^^^^^^^^^^^^^^^^^
  File "C:\Users\Bruno\AppData\Local\Programs\Python\Python312\Lib\site-packages\click\termui.py", line 154, in prompt_func
    raise Abort() from None
click.exceptions.Abort

[0m23:37:47.197086 [debug] [MainThread]: Command `dbt init` failed at 23:37:47.197086 after 81.60 seconds
[0m23:37:47.197086 [debug] [MainThread]: Sending event: {'category': 'dbt', 'action': 'invocation', 'label': 'end', 'context': [<snowplow_tracker.self_describing_json.SelfDescribingJson object at 0x00000187A8339AF0>, <snowplow_tracker.self_describing_json.SelfDescribingJson object at 0x00000187AA481880>, <snowplow_tracker.self_describing_json.SelfDescribingJson object at 0x00000187AA481910>]}
[0m23:37:47.197086 [debug] [MainThread]: Flushing usage events
[0m23:37:52.991011 [debug] [MainThread]: Sending event: {'category': 'dbt', 'action': 'invocation', 'label': 'start', 'context': [<snowplow_tracker.self_describing_json.SelfDescribingJson object at 0x0000018F7E692660>, <snowplow_tracker.self_describing_json.SelfDescribingJson object at 0x0000018F7E692720>, <snowplow_tracker.self_describing_json.SelfDescribingJson object at 0x0000018F7E692750>]}


============================== 23:37:52.991011 | 514349f7-caa6-4bc8-9994-9f8cb820672f ==============================
[0m23:37:52.991011 [info ] [MainThread]: Running with dbt=1.7.9
[0m23:37:52.991011 [debug] [MainThread]: running dbt with arguments {'static_parser': 'True', 'no_print': 'None', 'version_check': 'True', 'warn_error_options': 'WarnErrorOptions(include=[], exclude=[])', 'target_path': 'None', 'printer_width': '80', 'write_json': 'True', 'introspect': 'True', 'log_cache_events': 'False', 'cache_selected_only': 'False', 'log_format': 'default', 'debug': 'False', 'fail_fast': 'False', 'partial_parse': 'True', 'send_anonymous_usage_stats': 'True', 'quiet': 'False', 'warn_error': 'None', 'profiles_dir': 'C:\\Users\\Bruno\\.dbt', 'indirect_selection': 'eager', 'use_colors': 'True', 'invocation_command': 'dbt init lastfm_analytics', 'use_experimental_parser': 'False', 'log_path': 'logs'}
[0m23:37:53.000754 [info ] [MainThread]: A project called lastfm_analytics already exists here.
[0m23:37:53.000754 [debug] [MainThread]: Command `dbt init` succeeded at 23:37:53.000754 after 0.09 seconds
[0m23:37:53.000754 [debug] [MainThread]: Sending event: {'category': 'dbt', 'action': 'invocation', 'label': 'end', 'context': [<snowplow_tracker.self_describing_json.SelfDescribingJson object at 0x0000018F7E464290>, <snowplow_tracker.self_describing_json.SelfDescribingJson object at 0x0000018F7DC10D70>, <snowplow_tracker.self_describing_json.SelfDescribingJson object at 0x0000018F7E43E8D0>]}
[0m23:37:53.000754 [debug] [MainThread]: Flushing usage events
[0m23:39:43.780826 [debug] [MainThread]: Sending event: {'category': 'dbt', 'action': 'invocation', 'label': 'start', 'context': [<snowplow_tracker.self_describing_json.SelfDescribingJson object at 0x0000020B3CB62840>, <snowplow_tracker.self_describing_json.SelfDescribingJson object at 0x0000020B3CB62870>, <snowplow_tracker.self_describing_json.SelfDescribingJson object at 0x0000020B3CB628A0>]}


============================== 23:39:43.787877 | 9f96d70e-e771-472b-a904-d6a185d25866 ==============================
[0m23:39:43.787877 [info ] [MainThread]: Running with dbt=1.7.9
[0m23:39:43.789897 [debug] [MainThread]: running dbt with arguments {'static_parser': 'True', 'no_print': 'None', 'version_check': 'True', 'target_path': 'None', 'warn_error_options': 'WarnErrorOptions(include=[], exclude=[])', 'printer_width': '80', 'write_json': 'True', 'introspect': 'True', 'log_cache_events': 'False', 'cache_selected_only': 'False', 'log_format': 'default', 'debug': 'False', 'fail_fast': 'False', 'profiles_dir': 'C:\\Users\\Bruno\\.dbt', 'send_anonymous_usage_stats': 'True', 'quiet': 'False', 'warn_error': 'None', 'partial_parse': 'True', 'indirect_selection': 'eager', 'invocation_command': 'dbt init lastfm_analytics', 'use_colors': 'True', 'use_experimental_parser': 'False', 'log_path': 'logs'}
[0m23:39:43.790902 [debug] [MainThread]: Starter project path: C:\Users\Bruno\AppData\Local\Programs\Python\Python312\Lib\site-packages\dbt\include\starter_project
[0m23:39:43.809970 [info ] [MainThread]: 
Your new dbt project "lastfm_analytics" was created!

For more information on how to configure the profiles.yml file,
please consult the dbt documentation here:

  https://docs.getdbt.com/docs/configure-your-profile

One more thing:

Need help? Don't hesitate to reach out to us via GitHub issues or on Slack:

  https://community.getdbt.com/

Happy modeling!

[0m23:39:43.810987 [info ] [MainThread]: Setting up your profile.
[0m23:42:54.441143 [info ] [MainThread]: Profile lastfm_analytics written to C:\Users\Bruno\.dbt\profiles.yml using target's profile_template.yml and your supplied values. Run 'dbt debug' to validate the connection.
[0m23:42:54.441143 [debug] [MainThread]: Command `dbt init` succeeded at 23:42:54.441143 after 190.78 seconds
[0m23:42:54.441143 [debug] [MainThread]: Sending event: {'category': 'dbt', 'action': 'invocation', 'label': 'end', 'context': [<snowplow_tracker.self_describing_json.SelfDescribingJson object at 0x0000020B3C81F980>, <snowplow_tracker.self_describing_json.SelfDescribingJson object at 0x0000020B3CCAC9E0>, <snowplow_tracker.self_describing_json.SelfDescribingJson object at 0x0000020B3C1D2F30>]}
[0m23:42:54.441143 [debug] [MainThread]: Flushing usage events
